
*** Running vivado
    with args -log wave_gen.vds -m64 -product Vivado -mode batch -messageDb vivado.pb -notrace -source wave_gen.tcl



****** Vivado v2020.2 (64-bit)
  **** SW Build 3064766 on Wed Nov 18 09:12:45 MST 2020
  **** IP Build 3064653 on Wed Nov 18 14:17:31 MST 2020
    ** Copyright 1986-2020 Xilinx, Inc. All Rights Reserved.

source wave_gen.tcl -notrace
Command: synth_design -top wave_gen -part xc7k70tfbg676-1
Starting synth_design
Attempting to get a license for feature 'Synthesis' and/or device 'xc7k70t'
INFO: [Common 17-349] Got license for feature 'Synthesis' and/or device 'xc7k70t'
INFO: [Device 21-403] Loading part xc7k70tfbg676-1
INFO: [Synth 8-7079] Multithreading enabled for synth_design using a maximum of 2 processes.
INFO: [Synth 8-7078] Launching helper process for spawning children vivado processes
INFO: [Synth 8-7075] Helper process launched with PID 12108
WARNING: [Synth 8-2507] parameter declaration becomes local in cmd_parse with formal parameter declaration list [C:/prj/tcl/wave_gen/wave_gen.srcs/sources_1/imports/Sources/kintex7/cmd_parse.v:95]
---------------------------------------------------------------------------------
Starting RTL Elaboration : Time (s): cpu = 00:00:05 ; elapsed = 00:00:05 . Memory (MB): peak = 1185.809 ; gain = 29.109
---------------------------------------------------------------------------------
INFO: [Synth 8-6157] synthesizing module 'wave_gen' [C:/prj/tcl/wave_gen/wave_gen.srcs/sources_1/imports/Sources/kintex7/wave_gen.v:32]
	Parameter BAUD_RATE bound to: 115200 - type: integer 
	Parameter CLOCK_RATE_RX bound to: 200000000 - type: integer 
	Parameter CLOCK_RATE_TX bound to: 166667000 - type: integer 
	Parameter PW bound to: 3 - type: integer 
	Parameter NSAMP_WID bound to: 10 - type: integer 
INFO: [Synth 8-6157] synthesizing module 'IBUF' [C:/Xilinx/Vivado/2020.2/scripts/rt/data/unisim_comp.v:32983]
	Parameter CAPACITANCE bound to: DONT_CARE - type: string 
	Parameter IBUF_DELAY_VALUE bound to: 0 - type: string 
	Parameter IBUF_LOW_PWR bound to: TRUE - type: string 
	Parameter IFD_DELAY_VALUE bound to: AUTO - type: string 
	Parameter IOSTANDARD bound to: DEFAULT - type: string 
INFO: [Synth 8-6155] done synthesizing module 'IBUF' (1#1) [C:/Xilinx/Vivado/2020.2/scripts/rt/data/unisim_comp.v:32983]
INFO: [Synth 8-6157] synthesizing module 'OBUF' [C:/Xilinx/Vivado/2020.2/scripts/rt/data/unisim_comp.v:46318]
	Parameter CAPACITANCE bound to: DONT_CARE - type: string 
	Parameter DRIVE bound to: 12 - type: integer 
	Parameter IOSTANDARD bound to: DEFAULT - type: string 
	Parameter SLEW bound to: SLOW - type: string 
INFO: [Synth 8-6155] done synthesizing module 'OBUF' (2#1) [C:/Xilinx/Vivado/2020.2/scripts/rt/data/unisim_comp.v:46318]
INFO: [Synth 8-6157] synthesizing module 'clk_gen' [C:/prj/tcl/wave_gen/wave_gen.srcs/sources_1/imports/Sources/kintex7/clk_gen.v:33]
INFO: [Synth 8-6157] synthesizing module 'clk_div' [C:/prj/tcl/wave_gen/wave_gen.srcs/sources_1/imports/Sources/kintex7/clk_div.v:30]
INFO: [Synth 8-6155] done synthesizing module 'clk_div' (3#1) [C:/prj/tcl/wave_gen/wave_gen.srcs/sources_1/imports/Sources/kintex7/clk_div.v:30]
INFO: [Synth 8-638] synthesizing module 'clk_core' [C:/prj/tcl/wave_gen/wave_gen.runs/synth_1/.Xil/Vivado-8252-fae-server/realtime/clk_core_stub.vhdl:17]
INFO: [Synth 8-6157] synthesizing module 'BUFHCE' [C:/Xilinx/Vivado/2020.2/scripts/rt/data/unisim_comp.v:1329]
	Parameter CE_TYPE bound to: SYNC - type: string 
	Parameter INIT_OUT bound to: 0 - type: integer 
	Parameter IS_CE_INVERTED bound to: 1'b0 
INFO: [Synth 8-6155] done synthesizing module 'BUFHCE' (4#1) [C:/Xilinx/Vivado/2020.2/scripts/rt/data/unisim_comp.v:1329]
INFO: [Synth 8-6155] done synthesizing module 'clk_gen' (5#1) [C:/prj/tcl/wave_gen/wave_gen.srcs/sources_1/imports/Sources/kintex7/clk_gen.v:33]
INFO: [Synth 8-6157] synthesizing module 'rst_gen' [C:/prj/tcl/wave_gen/wave_gen.srcs/sources_1/imports/Sources/kintex7/rst_gen.v:26]
INFO: [Synth 8-6157] synthesizing module 'reset_bridge' [C:/prj/tcl/wave_gen/wave_gen.srcs/sources_1/imports/Sources/kintex7/reset_bridge.v:35]
INFO: [Synth 8-6155] done synthesizing module 'reset_bridge' (6#1) [C:/prj/tcl/wave_gen/wave_gen.srcs/sources_1/imports/Sources/kintex7/reset_bridge.v:35]
INFO: [Synth 8-6155] done synthesizing module 'rst_gen' (7#1) [C:/prj/tcl/wave_gen/wave_gen.srcs/sources_1/imports/Sources/kintex7/rst_gen.v:26]
INFO: [Synth 8-6157] synthesizing module 'uart_rx' [C:/prj/tcl/wave_gen/wave_gen.srcs/sources_1/imports/Sources/kintex7/uart_rx.v:37]
	Parameter BAUD_RATE bound to: 115200 - type: integer 
	Parameter CLOCK_RATE bound to: 200000000 - type: integer 
INFO: [Synth 8-6157] synthesizing module 'meta_harden' [C:/prj/tcl/wave_gen/wave_gen.srcs/sources_1/imports/Sources/kintex7/meta_harden.v:27]
INFO: [Synth 8-6155] done synthesizing module 'meta_harden' (8#1) [C:/prj/tcl/wave_gen/wave_gen.srcs/sources_1/imports/Sources/kintex7/meta_harden.v:27]
INFO: [Synth 8-6157] synthesizing module 'uart_baud_gen' [C:/prj/tcl/wave_gen/wave_gen.srcs/sources_1/imports/Sources/kintex7/uart_baud_gen.v:35]
	Parameter BAUD_RATE bound to: 115200 - type: integer 
	Parameter CLOCK_RATE bound to: 200000000 - type: integer 
	Parameter OVERSAMPLE_RATE bound to: 1843200 - type: integer 
	Parameter DIVIDER bound to: 109 - type: integer 
	Parameter OVERSAMPLE_VALUE bound to: 108 - type: integer 
	Parameter CNT_WID bound to: 7 - type: integer 
INFO: [Synth 8-6155] done synthesizing module 'uart_baud_gen' (9#1) [C:/prj/tcl/wave_gen/wave_gen.srcs/sources_1/imports/Sources/kintex7/uart_baud_gen.v:35]
INFO: [Synth 8-6157] synthesizing module 'uart_rx_ctl' [C:/prj/tcl/wave_gen/wave_gen.srcs/sources_1/imports/Sources/kintex7/uart_rx_ctl.v:52]
	Parameter IDLE bound to: 2'b00 
	Parameter START bound to: 2'b01 
	Parameter DATA bound to: 2'b10 
	Parameter STOP bound to: 2'b11 
INFO: [Synth 8-6155] done synthesizing module 'uart_rx_ctl' (10#1) [C:/prj/tcl/wave_gen/wave_gen.srcs/sources_1/imports/Sources/kintex7/uart_rx_ctl.v:52]
INFO: [Synth 8-6155] done synthesizing module 'uart_rx' (11#1) [C:/prj/tcl/wave_gen/wave_gen.srcs/sources_1/imports/Sources/kintex7/uart_rx.v:37]
INFO: [Synth 8-6157] synthesizing module 'cmd_parse' [C:/prj/tcl/wave_gen/wave_gen.srcs/sources_1/imports/Sources/kintex7/cmd_parse.v:37]
	Parameter NSAMP_WID bound to: 10 - type: integer 
	Parameter PW bound to: 3 - type: integer 
	Parameter NSAMP_MIN bound to: 1 - type: integer 
	Parameter NSAMP_MAX bound to: 1024 - type: integer 
	Parameter PRESCALE_MIN bound to: 32 - type: integer 
	Parameter SPEED_MIN bound to: 1 - type: integer 
	Parameter RAM_MAX bound to: 1023 - type: integer 
	Parameter SAMP_WID bound to: 16 - type: integer 
	Parameter PRE_WID bound to: 16 - type: integer 
	Parameter SPD_WID bound to: 16 - type: integer 
	Parameter MAX_ARG_CH bound to: 8 - type: integer 
	Parameter RESP_OK bound to: 2'b00 
	Parameter RESP_ERR bound to: 2'b01 
	Parameter RESP_DATA bound to: 2'b11 
	Parameter IDLE bound to: 3'b000 
	Parameter CMD_WAIT bound to: 3'b001 
	Parameter GET_ARG bound to: 3'b010 
	Parameter READ_RAM bound to: 3'b011 
	Parameter READ_RAM2 bound to: 3'b100 
	Parameter SEND_RESP bound to: 3'b101 
	Parameter CMD_W bound to: 7'b1010111 
	Parameter CMD_R bound to: 7'b1010010 
	Parameter CMD_N bound to: 7'b1001110 
	Parameter CMD_P bound to: 7'b1010000 
	Parameter CMD_S bound to: 7'b1010011 
	Parameter CMD_n_l bound to: 7'b1101110 
	Parameter CMD_p_l bound to: 7'b1110000 
	Parameter CMD_s_l bound to: 7'b1110011 
	Parameter CMD_G bound to: 7'b1000111 
	Parameter CMD_C bound to: 7'b1000011 
	Parameter CMD_H bound to: 7'b1001000 
INFO: [Synth 8-155] case statement is not full and has no default [C:/prj/tcl/wave_gen/wave_gen.srcs/sources_1/imports/Sources/kintex7/cmd_parse.v:365]
INFO: [Synth 8-6155] done synthesizing module 'cmd_parse' (12#1) [C:/prj/tcl/wave_gen/wave_gen.srcs/sources_1/imports/Sources/kintex7/cmd_parse.v:37]
INFO: [Synth 8-6157] synthesizing module 'samp_ram' [C:/prj/tcl/wave_gen/wave_gen.srcs/sources_1/imports/Sources/kintex7/samp_ram.v:25]
	Parameter DATA_WIDTH bound to: 16 - type: integer 
	Parameter ADDR_WIDTH bound to: 10 - type: integer 
INFO: [Synth 8-6155] done synthesizing module 'samp_ram' (13#1) [C:/prj/tcl/wave_gen/wave_gen.srcs/sources_1/imports/Sources/kintex7/samp_ram.v:25]
INFO: [Synth 8-6157] synthesizing module 'resp_gen' [C:/prj/tcl/wave_gen/wave_gen.srcs/sources_1/imports/Sources/kintex7/resp_gen.v:41]
	Parameter RESP_OK bound to: 2'b00 
	Parameter RESP_ERR bound to: 2'b01 
	Parameter RESP_DATA bound to: 2'b11 
	Parameter STR_OK_LEN bound to: 5 - type: integer 
	Parameter STR_ERR_LEN bound to: 6 - type: integer 
	Parameter STR_DATA_LEN bound to: 13 - type: integer 
	Parameter STR_LEN bound to: 13 - type: integer 
	Parameter CNT_WID bound to: 4 - type: integer 
	Parameter LEN_WID bound to: 4 - type: integer 
	Parameter IDLE bound to: 1'b0 
	Parameter SENDING bound to: 1'b1 
INFO: [Synth 8-6157] synthesizing module 'to_bcd' [C:/prj/tcl/wave_gen/wave_gen.srcs/sources_1/imports/Sources/kintex7/to_bcd.v:33]
INFO: [Synth 8-6155] done synthesizing module 'to_bcd' (14#1) [C:/prj/tcl/wave_gen/wave_gen.srcs/sources_1/imports/Sources/kintex7/to_bcd.v:33]
INFO: [Synth 8-6155] done synthesizing module 'resp_gen' (15#1) [C:/prj/tcl/wave_gen/wave_gen.srcs/sources_1/imports/Sources/kintex7/resp_gen.v:41]
INFO: [Synth 8-638] synthesizing module 'char_fifo' [C:/prj/tcl/wave_gen/wave_gen.runs/synth_1/.Xil/Vivado-8252-fae-server/realtime/char_fifo_stub.vhdl:22]
WARNING: [Synth 8-7071] port 'wr_rst_busy' of module 'char_fifo' is unconnected for instance 'char_fifo_i0' [C:/prj/tcl/wave_gen/wave_gen.srcs/sources_1/imports/Sources/kintex7/wave_gen.v:339]
WARNING: [Synth 8-7071] port 'rd_rst_busy' of module 'char_fifo' is unconnected for instance 'char_fifo_i0' [C:/prj/tcl/wave_gen/wave_gen.srcs/sources_1/imports/Sources/kintex7/wave_gen.v:339]
WARNING: [Synth 8-7023] instance 'char_fifo_i0' of module 'char_fifo' has 11 connections declared, but only 9 given [C:/prj/tcl/wave_gen/wave_gen.srcs/sources_1/imports/Sources/kintex7/wave_gen.v:339]
INFO: [Synth 8-6157] synthesizing module 'uart_tx' [C:/prj/tcl/wave_gen/wave_gen.srcs/sources_1/imports/Sources/kintex7/uart_tx.v:35]
	Parameter BAUD_RATE bound to: 115200 - type: integer 
	Parameter CLOCK_RATE bound to: 166667000 - type: integer 
INFO: [Synth 8-6157] synthesizing module 'uart_baud_gen__parameterized0' [C:/prj/tcl/wave_gen/wave_gen.srcs/sources_1/imports/Sources/kintex7/uart_baud_gen.v:35]
	Parameter BAUD_RATE bound to: 115200 - type: integer 
	Parameter CLOCK_RATE bound to: 166667000 - type: integer 
	Parameter OVERSAMPLE_RATE bound to: 1843200 - type: integer 
	Parameter DIVIDER bound to: 90 - type: integer 
	Parameter OVERSAMPLE_VALUE bound to: 89 - type: integer 
	Parameter CNT_WID bound to: 7 - type: integer 
INFO: [Synth 8-6155] done synthesizing module 'uart_baud_gen__parameterized0' (15#1) [C:/prj/tcl/wave_gen/wave_gen.srcs/sources_1/imports/Sources/kintex7/uart_baud_gen.v:35]
INFO: [Synth 8-6157] synthesizing module 'uart_tx_ctl' [C:/prj/tcl/wave_gen/wave_gen.srcs/sources_1/imports/Sources/kintex7/uart_tx_ctl.v:60]
	Parameter IDLE bound to: 2'b00 
	Parameter START bound to: 2'b01 
	Parameter DATA bound to: 2'b10 
	Parameter STOP bound to: 2'b11 
INFO: [Synth 8-6155] done synthesizing module 'uart_tx_ctl' (16#1) [C:/prj/tcl/wave_gen/wave_gen.srcs/sources_1/imports/Sources/kintex7/uart_tx_ctl.v:60]
INFO: [Synth 8-6155] done synthesizing module 'uart_tx' (17#1) [C:/prj/tcl/wave_gen/wave_gen.srcs/sources_1/imports/Sources/kintex7/uart_tx.v:35]
INFO: [Synth 8-6157] synthesizing module 'lb_ctl' [C:/prj/tcl/wave_gen/wave_gen.srcs/sources_1/imports/Sources/kintex7/lb_ctl.v:32]
	Parameter FILTER bound to: 200000 - type: integer 
INFO: [Synth 8-6157] synthesizing module 'debouncer' [C:/prj/tcl/wave_gen/wave_gen.srcs/sources_1/imports/Sources/kintex7/debouncer.v:26]
	Parameter FILTER bound to: 200000 - type: integer 
	Parameter RELOAD bound to: 199999 - type: integer 
	Parameter FILTER_WIDTH bound to: 18 - type: integer 
INFO: [Synth 8-6155] done synthesizing module 'debouncer' (18#1) [C:/prj/tcl/wave_gen/wave_gen.srcs/sources_1/imports/Sources/kintex7/debouncer.v:26]
INFO: [Synth 8-6155] done synthesizing module 'lb_ctl' (19#1) [C:/prj/tcl/wave_gen/wave_gen.srcs/sources_1/imports/Sources/kintex7/lb_ctl.v:32]
INFO: [Synth 8-6157] synthesizing module 'clkx_bus' [C:/prj/tcl/wave_gen/wave_gen.srcs/sources_1/imports/Sources/kintex7/clkx_bus.v:34]
	Parameter PW bound to: 3 - type: integer 
	Parameter WIDTH bound to: 11 - type: integer 
INFO: [Synth 8-6155] done synthesizing module 'clkx_bus' (20#1) [C:/prj/tcl/wave_gen/wave_gen.srcs/sources_1/imports/Sources/kintex7/clkx_bus.v:34]
INFO: [Synth 8-6157] synthesizing module 'clkx_bus__parameterized0' [C:/prj/tcl/wave_gen/wave_gen.srcs/sources_1/imports/Sources/kintex7/clkx_bus.v:34]
	Parameter PW bound to: 3 - type: integer 
	Parameter WIDTH bound to: 16 - type: integer 
INFO: [Synth 8-6155] done synthesizing module 'clkx_bus__parameterized0' (20#1) [C:/prj/tcl/wave_gen/wave_gen.srcs/sources_1/imports/Sources/kintex7/clkx_bus.v:34]
INFO: [Synth 8-6157] synthesizing module 'samp_gen' [C:/prj/tcl/wave_gen/wave_gen.srcs/sources_1/imports/Sources/kintex7/samp_gen.v:43]
	Parameter NSAMP_WID bound to: 10 - type: integer 
INFO: [Synth 8-6155] done synthesizing module 'samp_gen' (21#1) [C:/prj/tcl/wave_gen/wave_gen.srcs/sources_1/imports/Sources/kintex7/samp_gen.v:43]
INFO: [Synth 8-6157] synthesizing module 'dac_spi' [C:/prj/tcl/wave_gen/wave_gen.srcs/sources_1/imports/Sources/kintex7/dac_spi.v:32]
INFO: [Synth 8-6157] synthesizing module 'out_ddr_flop' [C:/prj/tcl/wave_gen/wave_gen.srcs/sources_1/imports/Sources/kintex7/out_ddr_flop.v:28]
INFO: [Synth 8-6157] synthesizing module 'ODDR' [C:/Xilinx/Vivado/2020.2/scripts/rt/data/unisim_comp.v:49791]
	Parameter DDR_CLK_EDGE bound to: OPPOSITE_EDGE - type: string 
	Parameter INIT bound to: 1'b0 
	Parameter IS_C_INVERTED bound to: 1'b0 
	Parameter IS_D1_INVERTED bound to: 1'b0 
	Parameter IS_D2_INVERTED bound to: 1'b0 
	Parameter SRTYPE bound to: SYNC - type: string 
INFO: [Synth 8-6155] done synthesizing module 'ODDR' (22#1) [C:/Xilinx/Vivado/2020.2/scripts/rt/data/unisim_comp.v:49791]
INFO: [Synth 8-6155] done synthesizing module 'out_ddr_flop' (23#1) [C:/prj/tcl/wave_gen/wave_gen.srcs/sources_1/imports/Sources/kintex7/out_ddr_flop.v:28]
INFO: [Synth 8-6155] done synthesizing module 'dac_spi' (24#1) [C:/prj/tcl/wave_gen/wave_gen.srcs/sources_1/imports/Sources/kintex7/dac_spi.v:32]
INFO: [Synth 8-6155] done synthesizing module 'wave_gen' (25#1) [C:/prj/tcl/wave_gen/wave_gen.srcs/sources_1/imports/Sources/kintex7/wave_gen.v:32]
---------------------------------------------------------------------------------
Finished RTL Elaboration : Time (s): cpu = 00:00:07 ; elapsed = 00:00:06 . Memory (MB): peak = 1253.895 ; gain = 97.195
---------------------------------------------------------------------------------
---------------------------------------------------------------------------------
Start Handling Custom Attributes
---------------------------------------------------------------------------------
---------------------------------------------------------------------------------
Finished Handling Custom Attributes : Time (s): cpu = 00:00:07 ; elapsed = 00:00:07 . Memory (MB): peak = 1271.770 ; gain = 115.070
---------------------------------------------------------------------------------
---------------------------------------------------------------------------------
Finished RTL Optimization Phase 1 : Time (s): cpu = 00:00:07 ; elapsed = 00:00:07 . Memory (MB): peak = 1271.770 ; gain = 115.070
---------------------------------------------------------------------------------
Netlist sorting complete. Time (s): cpu = 00:00:00 ; elapsed = 00:00:00.028 . Memory (MB): peak = 1283.813 ; gain = 0.000
INFO: [Netlist 29-17] Analyzing 1 Unisim elements for replacement
INFO: [Netlist 29-28] Unisim Transformation completed in 0 CPU seconds
INFO: [Project 1-570] Preparing netlist for logic optimization

Processing XDC Constraints
Initializing timing engine
Parsing XDC File [c:/prj/tcl/wave_gen/wave_gen.gen/sources_1/ip/clk_core/clk_core/clk_core_in_context.xdc] for cell 'clk_gen_i0/clk_core_i0'
Finished Parsing XDC File [c:/prj/tcl/wave_gen/wave_gen.gen/sources_1/ip/clk_core/clk_core/clk_core_in_context.xdc] for cell 'clk_gen_i0/clk_core_i0'
Parsing XDC File [c:/prj/tcl/wave_gen/wave_gen.gen/sources_1/ip/char_fifo/char_fifo/char_fifo_in_context.xdc] for cell 'char_fifo_i0'
Finished Parsing XDC File [c:/prj/tcl/wave_gen/wave_gen.gen/sources_1/ip/char_fifo/char_fifo/char_fifo_in_context.xdc] for cell 'char_fifo_i0'
Parsing XDC File [C:/prj/tcl/wave_gen/wave_gen.srcs/constrs_1/imports/xc7k70tfbg676-1/wave_gen_timing.xdc]
INFO: [Constraints 18-483] create_clock: no pin(s)/port(s)/net(s) specified as objects, only virtual clock 'virtual_clock' will be created. If you don't want this, please specify pin(s)/ports(s)/net(s) as objects to the command. [C:/prj/tcl/wave_gen/wave_gen.srcs/constrs_1/imports/xc7k70tfbg676-1/wave_gen_timing.xdc:7]
WARNING: [Designutils 20-1567] Use of 'set_multicycle_path' with '-hold' is not supported by synthesis. The constraint will not be passed to synthesis. [C:/prj/tcl/wave_gen/wave_gen.srcs/constrs_1/imports/xc7k70tfbg676-1/wave_gen_timing.xdc:23]
WARNING: [Designutils 20-1567] Use of 'set_multicycle_path' with '-hold' is not supported by synthesis. The constraint will not be passed to synthesis. [C:/prj/tcl/wave_gen/wave_gen.srcs/constrs_1/imports/xc7k70tfbg676-1/wave_gen_timing.xdc:26]
WARNING: [Designutils 20-1567] Use of 'set_multicycle_path' with '-hold' is not supported by synthesis. The constraint will not be passed to synthesis. [C:/prj/tcl/wave_gen/wave_gen.srcs/constrs_1/imports/xc7k70tfbg676-1/wave_gen_timing.xdc:34]
Finished Parsing XDC File [C:/prj/tcl/wave_gen/wave_gen.srcs/constrs_1/imports/xc7k70tfbg676-1/wave_gen_timing.xdc]
INFO: [Project 1-236] Implementation specific constraints were found while reading constraint file [C:/prj/tcl/wave_gen/wave_gen.srcs/constrs_1/imports/xc7k70tfbg676-1/wave_gen_timing.xdc]. These constraints will be ignored for synthesis but will be used in implementation. Impacted constraints are listed in the file [.Xil/wave_gen_propImpl.xdc].
Resolution: To avoid this warning, move constraints listed in [.Xil/wave_gen_propImpl.xdc] to another XDC file and exclude this new file from synthesis with the used_in_synthesis property (File Properties dialog in GUI) and re-run elaboration/synthesis.
Parsing XDC File [C:/prj/tcl/wave_gen/wave_gen.srcs/constrs_1/imports/xc7k70tfbg676-1/wave_gen_pins.xdc]
Finished Parsing XDC File [C:/prj/tcl/wave_gen/wave_gen.srcs/constrs_1/imports/xc7k70tfbg676-1/wave_gen_pins.xdc]
INFO: [Project 1-236] Implementation specific constraints were found while reading constraint file [C:/prj/tcl/wave_gen/wave_gen.srcs/constrs_1/imports/xc7k70tfbg676-1/wave_gen_pins.xdc]. These constraints will be ignored for synthesis but will be used in implementation. Impacted constraints are listed in the file [.Xil/wave_gen_propImpl.xdc].
Resolution: To avoid this warning, move constraints listed in [.Xil/wave_gen_propImpl.xdc] to another XDC file and exclude this new file from synthesis with the used_in_synthesis property (File Properties dialog in GUI) and re-run elaboration/synthesis.
Completed Processing XDC Constraints

Netlist sorting complete. Time (s): cpu = 00:00:00 ; elapsed = 00:00:00 . Memory (MB): peak = 1385.773 ; gain = 0.000
INFO: [Project 1-111] Unisim Transformation Summary:
No Unisim elements were transformed.

Constraint Validation Runtime : Time (s): cpu = 00:00:00 ; elapsed = 00:00:00.017 . Memory (MB): peak = 1385.773 ; gain = 0.000
WARNING: [Timing 38-316] Clock period '10.000' specified during out-of-context synthesis of instance 'char_fifo_i0' at clock pin 'rd_clk' is different from the actual clock period '6.000', this can lead to different synthesis results.
---------------------------------------------------------------------------------
Finished Constraint Validation : Time (s): cpu = 00:00:14 ; elapsed = 00:00:15 . Memory (MB): peak = 1386.762 ; gain = 230.063
---------------------------------------------------------------------------------
---------------------------------------------------------------------------------
Start Loading Part and Timing Information
---------------------------------------------------------------------------------
Loading part: xc7k70tfbg676-1
---------------------------------------------------------------------------------
Finished Loading Part and Timing Information : Time (s): cpu = 00:00:14 ; elapsed = 00:00:15 . Memory (MB): peak = 1386.762 ; gain = 230.063
---------------------------------------------------------------------------------
---------------------------------------------------------------------------------
Start Applying 'set_property' XDC Constraints
---------------------------------------------------------------------------------
Applied set_property IO_BUFFER_TYPE = NONE for clk_pin_n. (constraint file  c:/prj/tcl/wave_gen/wave_gen.gen/sources_1/ip/clk_core/clk_core/clk_core_in_context.xdc, line 4).
Applied set_property CLOCK_BUFFER_TYPE = NONE for clk_pin_n. (constraint file  c:/prj/tcl/wave_gen/wave_gen.gen/sources_1/ip/clk_core/clk_core/clk_core_in_context.xdc, line 5).
Applied set_property IO_BUFFER_TYPE = NONE for clk_pin_p. (constraint file  c:/prj/tcl/wave_gen/wave_gen.gen/sources_1/ip/clk_core/clk_core/clk_core_in_context.xdc, line 6).
Applied set_property CLOCK_BUFFER_TYPE = NONE for clk_pin_p. (constraint file  c:/prj/tcl/wave_gen/wave_gen.gen/sources_1/ip/clk_core/clk_core/clk_core_in_context.xdc, line 7).
Applied set_property IOB = TRUE for OBUF_txd. (constraint file  C:/prj/tcl/wave_gen/wave_gen.srcs/constrs_1/imports/xc7k70tfbg676-1/wave_gen_pins.xdc, line 67).
Applied set_property IOB = TRUE for OBUF_spi_clk. (constraint file  C:/prj/tcl/wave_gen/wave_gen.srcs/constrs_1/imports/xc7k70tfbg676-1/wave_gen_pins.xdc, line 67).
Applied set_property IOB = TRUE for OBUF_spi_mosi. (constraint file  C:/prj/tcl/wave_gen/wave_gen.srcs/constrs_1/imports/xc7k70tfbg676-1/wave_gen_pins.xdc, line 67).
Applied set_property IOB = TRUE for OBUF_dac_cs_n. (constraint file  C:/prj/tcl/wave_gen/wave_gen.srcs/constrs_1/imports/xc7k70tfbg676-1/wave_gen_pins.xdc, line 67).
Applied set_property IOB = TRUE for OBUF_dac_clr_n. (constraint file  C:/prj/tcl/wave_gen/wave_gen.srcs/constrs_1/imports/xc7k70tfbg676-1/wave_gen_pins.xdc, line 67).
Applied set_property IOB = TRUE for OBUF_led_i7. (constraint file  C:/prj/tcl/wave_gen/wave_gen.srcs/constrs_1/imports/xc7k70tfbg676-1/wave_gen_pins.xdc, line 67).
Applied set_property IOB = TRUE for OBUF_led_i6. (constraint file  C:/prj/tcl/wave_gen/wave_gen.srcs/constrs_1/imports/xc7k70tfbg676-1/wave_gen_pins.xdc, line 67).
Applied set_property IOB = TRUE for OBUF_led_i5. (constraint file  C:/prj/tcl/wave_gen/wave_gen.srcs/constrs_1/imports/xc7k70tfbg676-1/wave_gen_pins.xdc, line 67).
Applied set_property IOB = TRUE for OBUF_led_i4. (constraint file  C:/prj/tcl/wave_gen/wave_gen.srcs/constrs_1/imports/xc7k70tfbg676-1/wave_gen_pins.xdc, line 67).
Applied set_property IOB = TRUE for OBUF_led_i3. (constraint file  C:/prj/tcl/wave_gen/wave_gen.srcs/constrs_1/imports/xc7k70tfbg676-1/wave_gen_pins.xdc, line 67).
Applied set_property IOB = TRUE for OBUF_led_i2. (constraint file  C:/prj/tcl/wave_gen/wave_gen.srcs/constrs_1/imports/xc7k70tfbg676-1/wave_gen_pins.xdc, line 67).
Applied set_property IOB = TRUE for OBUF_led_i1. (constraint file  C:/prj/tcl/wave_gen/wave_gen.srcs/constrs_1/imports/xc7k70tfbg676-1/wave_gen_pins.xdc, line 67).
Applied set_property IOB = TRUE for OBUF_led_i0. (constraint file  C:/prj/tcl/wave_gen/wave_gen.srcs/constrs_1/imports/xc7k70tfbg676-1/wave_gen_pins.xdc, line 67).
Applied set_property KEEP_HIERARCHY = SOFT for clk_gen_i0/clk_core_i0. (constraint file  auto generated constraint).
Applied set_property KEEP_HIERARCHY = SOFT for char_fifo_i0. (constraint file  auto generated constraint).
---------------------------------------------------------------------------------
Finished applying 'set_property' XDC Constraints : Time (s): cpu = 00:00:15 ; elapsed = 00:00:15 . Memory (MB): peak = 1386.762 ; gain = 230.063
---------------------------------------------------------------------------------
INFO: [Synth 8-802] inferred FSM for state register 'state_reg' in module 'uart_rx_ctl'
INFO: [Synth 8-802] inferred FSM for state register 'state_reg' in module 'cmd_parse'
INFO: [Synth 8-802] inferred FSM for state register 'state_reg' in module 'uart_tx_ctl'
---------------------------------------------------------------------------------------------------
                   State |                     New Encoding |                Previous Encoding 
---------------------------------------------------------------------------------------------------
                 iSTATE1 |                               00 |                               00
                  iSTATE |                               01 |                               01
                 iSTATE0 |                               10 |                               10
                 iSTATE2 |                               11 |                               11
---------------------------------------------------------------------------------------------------
INFO: [Synth 8-3354] encoded FSM with state register 'state_reg' using encoding 'sequential' in module 'uart_rx_ctl'
---------------------------------------------------------------------------------------------------
                   State |                     New Encoding |                Previous Encoding 
---------------------------------------------------------------------------------------------------
                    IDLE |                              000 |                              000
                CMD_WAIT |                              001 |                              001
                 GET_ARG |                              010 |                              010
                READ_RAM |                              011 |                              011
               READ_RAM2 |                              100 |                              100
               SEND_RESP |                              101 |                              101
---------------------------------------------------------------------------------------------------
INFO: [Synth 8-3354] encoded FSM with state register 'state_reg' using encoding 'sequential' in module 'cmd_parse'
INFO: [Synth 8-3971] The signal "samp_ram:/mem_array_reg" was recognized as a true dual port RAM template.
---------------------------------------------------------------------------------------------------
                   State |                     New Encoding |                Previous Encoding 
---------------------------------------------------------------------------------------------------
                 iSTATE1 |                               00 |                               00
                 iSTATE2 |                               01 |                               01
                  iSTATE |                               10 |                               10
                 iSTATE0 |                               11 |                               11
---------------------------------------------------------------------------------------------------
INFO: [Synth 8-3354] encoded FSM with state register 'state_reg' using encoding 'sequential' in module 'uart_tx_ctl'
---------------------------------------------------------------------------------
Finished RTL Optimization Phase 2 : Time (s): cpu = 00:00:16 ; elapsed = 00:00:16 . Memory (MB): peak = 1386.762 ; gain = 230.063
---------------------------------------------------------------------------------
---------------------------------------------------------------------------------
Start RTL Component Statistics 
---------------------------------------------------------------------------------
Detailed RTL Component Info : 
+---Adders : 
	   2 Input   18 Bit       Adders := 1     
	   2 Input   16 Bit       Adders := 1     
	   2 Input   14 Bit       Adders := 6     
	   2 Input   11 Bit       Adders := 1     
	   2 Input   10 Bit       Adders := 10    
	   2 Input    8 Bit       Adders := 8     
	   2 Input    7 Bit       Adders := 11    
	   2 Input    5 Bit       Adders := 1     
	   2 Input    4 Bit       Adders := 12    
	   2 Input    3 Bit       Adders := 3     
	   2 Input    2 Bit       Adders := 4     
+---Registers : 
	               28 Bit    Registers := 1     
	               19 Bit    Registers := 1     
	               18 Bit    Registers := 1     
	               16 Bit    Registers := 12    
	               11 Bit    Registers := 3     
	               10 Bit    Registers := 2     
	                8 Bit    Registers := 5     
	                7 Bit    Registers := 3     
	                5 Bit    Registers := 1     
	                4 Bit    Registers := 3     
	                3 Bit    Registers := 3     
	                2 Bit    Registers := 7     
	                1 Bit    Registers := 64    
+---RAMs : 
	              16K Bit	(1024 X 16 bit)          RAMs := 1     
+---Muxes : 
	   2 Input   19 Bit        Muxes := 2     
	   2 Input   18 Bit        Muxes := 1     
	   6 Input   16 Bit        Muxes := 1     
	   2 Input   16 Bit        Muxes := 2     
	   2 Input   11 Bit        Muxes := 1     
	   2 Input    8 Bit        Muxes := 12    
	   7 Input    8 Bit        Muxes := 1     
	  14 Input    8 Bit        Muxes := 1     
	   8 Input    8 Bit        Muxes := 1     
	   2 Input    5 Bit        Muxes := 3     
	   3 Input    5 Bit        Muxes := 1     
	   2 Input    4 Bit        Muxes := 5     
	   5 Input    4 Bit        Muxes := 1     
	   2 Input    3 Bit        Muxes := 3     
	   7 Input    3 Bit        Muxes := 2     
	   6 Input    3 Bit        Muxes := 4     
	   3 Input    3 Bit        Muxes := 3     
	   4 Input    2 Bit        Muxes := 3     
	   2 Input    2 Bit        Muxes := 13    
	   5 Input    2 Bit        Muxes := 1     
	   7 Input    2 Bit        Muxes := 1     
	   6 Input    2 Bit        Muxes := 2     
	   3 Input    2 Bit        Muxes := 4     
	   2 Input    1 Bit        Muxes := 58    
	   4 Input    1 Bit        Muxes := 3     
	   6 Input    1 Bit        Muxes := 29    
	   7 Input    1 Bit        Muxes := 3     
	   3 Input    1 Bit        Muxes := 2     
---------------------------------------------------------------------------------
Finished RTL Component Statistics 
---------------------------------------------------------------------------------
---------------------------------------------------------------------------------
Start Part Resource Summary
---------------------------------------------------------------------------------
Part Resources:
DSPs: 240 (col length:80)
BRAMs: 270 (col length: RAMB18 80 RAMB36 40)
---------------------------------------------------------------------------------
Finished Part Resource Summary
---------------------------------------------------------------------------------
---------------------------------------------------------------------------------
Start Cross Boundary and Area Optimization
---------------------------------------------------------------------------------
---------------------------------------------------------------------------------
Finished Cross Boundary and Area Optimization : Time (s): cpu = 00:00:36 ; elapsed = 00:00:37 . Memory (MB): peak = 1467.652 ; gain = 310.953
---------------------------------------------------------------------------------
---------------------------------------------------------------------------------
Start ROM, RAM, DSP, Shift Register and Retiming Reporting
---------------------------------------------------------------------------------

Block RAM: Preliminary Mapping	Report (see note below)
+------------+---------------------------+------------------------+---+---+------------------------+---+---+------------------+--------+--------+
|Module Name | RTL Object                | PORT A (Depth x Width) | W | R | PORT B (Depth x Width) | W | R | Ports driving FF | RAMB18 | RAMB36 | 
+------------+---------------------------+------------------------+---+---+------------------------+---+---+------------------+--------+--------+
|wave_gen    | samp_ram_i0/mem_array_reg | 1 K x 16(WRITE_FIRST)  | W | R | 1 K x 16(WRITE_FIRST)  |   | R | Port A and B     | 1      | 0      | 
+------------+---------------------------+------------------------+---+---+------------------------+---+---+------------------+--------+--------+

Note: The table above is a preliminary report that shows the Block RAMs at the current stage of the synthesis flow. Some Block RAMs may be reimplemented as non Block RAM primitives later in the synthesis flow. Multiple instantiated Block RAMs are reported only once. 
---------------------------------------------------------------------------------
Finished ROM, RAM, DSP, Shift Register and Retiming Reporting
---------------------------------------------------------------------------------
---------------------------------------------------------------------------------
Start Applying XDC Timing Constraints
---------------------------------------------------------------------------------
---------------------------------------------------------------------------------
Finished Applying XDC Timing Constraints : Time (s): cpu = 00:00:43 ; elapsed = 00:00:44 . Memory (MB): peak = 1467.652 ; gain = 310.953
---------------------------------------------------------------------------------
---------------------------------------------------------------------------------
Start Timing Optimization
---------------------------------------------------------------------------------
---------------------------------------------------------------------------------
Finished Timing Optimization : Time (s): cpu = 00:01:13 ; elapsed = 00:01:14 . Memory (MB): peak = 1506.527 ; gain = 349.828
---------------------------------------------------------------------------------
---------------------------------------------------------------------------------
Start ROM, RAM, DSP, Shift Register and Retiming Reporting
---------------------------------------------------------------------------------

Block RAM: Final Mapping	Report
+------------+---------------------------+------------------------+---+---+------------------------+---+---+------------------+--------+--------+
|Module Name | RTL Object                | PORT A (Depth x Width) | W | R | PORT B (Depth x Width) | W | R | Ports driving FF | RAMB18 | RAMB36 | 
+------------+---------------------------+------------------------+---+---+------------------------+---+---+------------------+--------+--------+
|wave_gen    | samp_ram_i0/mem_array_reg | 1 K x 16(WRITE_FIRST)  | W | R | 1 K x 16(WRITE_FIRST)  |   | R | Port A and B     | 1      | 0      | 
+------------+---------------------------+------------------------+---+---+------------------------+---+---+------------------+--------+--------+

---------------------------------------------------------------------------------
Finished ROM, RAM, DSP, Shift Register and Retiming Reporting
---------------------------------------------------------------------------------
---------------------------------------------------------------------------------
Start Technology Mapping
---------------------------------------------------------------------------------
INFO: [Synth 8-7052] The timing for the instance samp_ram_i0/mem_array_reg (implemented as a Block RAM) might be sub-optimal as no optional output register could be merged into the ram block. Providing additional output register may help in improving timing.
---------------------------------------------------------------------------------
Finished Technology Mapping : Time (s): cpu = 00:01:14 ; elapsed = 00:01:15 . Memory (MB): peak = 1516.559 ; gain = 359.859
---------------------------------------------------------------------------------
---------------------------------------------------------------------------------
Start IO Insertion
---------------------------------------------------------------------------------
---------------------------------------------------------------------------------
Start Flattening Before IO Insertion
---------------------------------------------------------------------------------
---------------------------------------------------------------------------------
Finished Flattening Before IO Insertion
---------------------------------------------------------------------------------
---------------------------------------------------------------------------------
Start Final Netlist Cleanup
---------------------------------------------------------------------------------
---------------------------------------------------------------------------------
Finished Final Netlist Cleanup
---------------------------------------------------------------------------------
---------------------------------------------------------------------------------
Finished IO Insertion : Time (s): cpu = 00:01:18 ; elapsed = 00:01:19 . Memory (MB): peak = 1516.559 ; gain = 359.859
---------------------------------------------------------------------------------
---------------------------------------------------------------------------------
Start Renaming Generated Instances
---------------------------------------------------------------------------------
---------------------------------------------------------------------------------
Finished Renaming Generated Instances : Time (s): cpu = 00:01:18 ; elapsed = 00:01:19 . Memory (MB): peak = 1516.559 ; gain = 359.859
---------------------------------------------------------------------------------
---------------------------------------------------------------------------------
Start Rebuilding User Hierarchy
---------------------------------------------------------------------------------
---------------------------------------------------------------------------------
Finished Rebuilding User Hierarchy : Time (s): cpu = 00:01:18 ; elapsed = 00:01:19 . Memory (MB): peak = 1516.559 ; gain = 359.859
---------------------------------------------------------------------------------
---------------------------------------------------------------------------------
Start Renaming Generated Ports
---------------------------------------------------------------------------------
---------------------------------------------------------------------------------
Finished Renaming Generated Ports : Time (s): cpu = 00:01:18 ; elapsed = 00:01:19 . Memory (MB): peak = 1516.559 ; gain = 359.859
---------------------------------------------------------------------------------
---------------------------------------------------------------------------------
Start Handling Custom Attributes
---------------------------------------------------------------------------------
---------------------------------------------------------------------------------
Finished Handling Custom Attributes : Time (s): cpu = 00:01:18 ; elapsed = 00:01:19 . Memory (MB): peak = 1516.559 ; gain = 359.859
---------------------------------------------------------------------------------
---------------------------------------------------------------------------------
Start Renaming Generated Nets
---------------------------------------------------------------------------------
---------------------------------------------------------------------------------
Finished Renaming Generated Nets : Time (s): cpu = 00:01:18 ; elapsed = 00:01:19 . Memory (MB): peak = 1516.559 ; gain = 359.859
---------------------------------------------------------------------------------
---------------------------------------------------------------------------------
Start Writing Synthesis Report
---------------------------------------------------------------------------------

Report BlackBoxes: 
+------+--------------+----------+
|      |BlackBox name |Instances |
+------+--------------+----------+
|1     |char_fifo     |         1|
|2     |clk_core      |         1|
+------+--------------+----------+

Report Cell Usage: 
+------+---------------+------+
|      |Cell           |Count |
+------+---------------+------+
|1     |char_fifo_bbox |     1|
|2     |clk_core_bbox  |     1|
|3     |BUFHCE         |     1|
|4     |CARRY4         |    32|
|5     |LUT1           |    54|
|6     |LUT2           |    97|
|7     |LUT3           |   155|
|8     |LUT4           |    94|
|9     |LUT5           |   124|
|10    |LUT6           |   276|
|11    |MUXF7          |     1|
|12    |ODDR           |     1|
|13    |RAMB18E1       |     1|
|14    |FDPE           |     6|
|15    |FDRE           |   414|
|16    |FDSE           |    26|
|17    |IBUF           |     3|
|18    |OBUF           |    13|
+------+---------------+------+
---------------------------------------------------------------------------------
Finished Writing Synthesis Report : Time (s): cpu = 00:01:18 ; elapsed = 00:01:19 . Memory (MB): peak = 1516.559 ; gain = 359.859
---------------------------------------------------------------------------------
Synthesis finished with 0 errors, 0 critical warnings and 0 warnings.
Synthesis Optimization Runtime : Time (s): cpu = 00:01:08 ; elapsed = 00:01:16 . Memory (MB): peak = 1516.559 ; gain = 244.867
Synthesis Optimization Complete : Time (s): cpu = 00:01:18 ; elapsed = 00:01:19 . Memory (MB): peak = 1516.559 ; gain = 359.859
INFO: [Project 1-571] Translating synthesized netlist
Netlist sorting complete. Time (s): cpu = 00:00:00 ; elapsed = 00:00:00.021 . Memory (MB): peak = 1516.559 ; gain = 0.000
INFO: [Netlist 29-17] Analyzing 35 Unisim elements for replacement
INFO: [Netlist 29-28] Unisim Transformation completed in 0 CPU seconds
INFO: [Project 1-570] Preparing netlist for logic optimization
INFO: [Opt 31-138] Pushed 0 inverter(s) to 0 load pin(s).
Netlist sorting complete. Time (s): cpu = 00:00:00 ; elapsed = 00:00:00 . Memory (MB): peak = 1516.559 ; gain = 0.000
INFO: [Project 1-111] Unisim Transformation Summary:
No Unisim elements were transformed.

INFO: [Common 17-83] Releasing license: Synthesis
84 Infos, 8 Warnings, 0 Critical Warnings and 0 Errors encountered.
synth_design completed successfully
synth_design: Time (s): cpu = 00:01:25 ; elapsed = 00:01:28 . Memory (MB): peak = 1516.559 ; gain = 359.859
INFO: [Common 17-1381] The checkpoint 'C:/prj/tcl/wave_gen/wave_gen.runs/synth_1/wave_gen.dcp' has been generated.
INFO: [runtcl-4] Executing : report_utilization -file wave_gen_utilization_synth.rpt -pb wave_gen_utilization_synth.pb
INFO: [Common 17-206] Exiting Vivado at Sat Mar 20 11:11:07 2021...
